Added Component: Designator=P5(Signal/Power Connector)
Added Pin To Net: NetName=C2_MISO Pin=P3-12
Added Pin To Net: NetName=C2_GND Pin=P5-1
Added Pin To Net: NetName=C2_GND Pin=P5-1
Added Pin To Net: NetName=C2_GND Pin=P5-1
Added Pin To Net: NetName=C2_GND Pin=P5-1
Added Pin To Net: NetName=C2_GND Pin=P5-1
Added Pin To Net: NetName=C2_GND Pin=P5-1
Added Pin To Net: NetName=C2_GND Pin=P5-2
Added Pin To Net: NetName=C2_GND Pin=P5-2
Added Pin To Net: NetName=C2_GND Pin=P5-2
Added Pin To Net: NetName=C2_GND Pin=P5-2
Added Pin To Net: NetName=C2_GND Pin=P5-2
Added Pin To Net: NetName=C2_GND Pin=P5-2
Added Pin To Net: NetName=C2_RELAYG Pin=P5-3
Added Pin To Net: NetName=C2_RELAYG Pin=P5-4
Added Pin To Net: NetName=C2_RELAYG Pin=P5-5
Added Pin To Net: NetName=C2_RELAYG Pin=P5-6
Added Pin To Net: NetName=C2_SCLK Pin=P5-7
Added Pin To Net: NetName=C2_SCLK Pin=P5-8
Added Pin To Net: NetName=C2_MOSI Pin=P5-11
Added Pin To Net: NetName=C2_MOSI Pin=P5-12
Added Pin To Net: NetName=C2_CS1 Pin=P5-15
Added Pin To Net: NetName=C2_CS1 Pin=P5-16
Added Pin To Net: NetName=C2_CS2 Pin=P5-17
Added Pin To Net: NetName=C2_CS2 Pin=P5-18
Added Pin To Net: NetName=C2_CLIMIT Pin=P5-21
Added Pin To Net: NetName=C2_CLIMIT Pin=P5-22
Added Pin To Net: NetName=C2_SDA Pin=P5-23
Added Pin To Net: NetName=C2_SDA Pin=P5-24
Added Pin To Net: NetName=C2_SCL Pin=P5-25
Added Pin To Net: NetName=C2_SCL Pin=P5-26
Added Pin To Net: NetName=C2_VCC Pin=P5-27
Added Pin To Net: NetName=C2_VCC Pin=P5-27
Added Pin To Net: NetName=C2_VCC Pin=P5-27
Added Pin To Net: NetName=C2_VCC Pin=P5-27
Added Pin To Net: NetName=C2_VCC Pin=P5-27
Added Pin To Net: NetName=C2_VCC Pin=P5-27
Added Pin To Net: NetName=C2_VCC Pin=P5-28
Added Pin To Net: NetName=C2_VCC Pin=P5-28
Added Pin To Net: NetName=C2_VCC Pin=P5-28
Added Pin To Net: NetName=C2_VCC Pin=P5-28
Added Pin To Net: NetName=C2_VCC Pin=P5-28
Added Pin To Net: NetName=C2_VCC Pin=P5-28
Added Member To Class: ClassName=Connector Member=Component P5 Signal/Power Connector
