Removed Pin From Net: NetName=C2_GND Pin=P5-1
Removed Pin From Net: NetName=C2_GND Pin=P5-1
Removed Pin From Net: NetName=C2_GND Pin=P5-1
Removed Pin From Net: NetName=C2_GND Pin=P5-1
Removed Pin From Net: NetName=C2_GND Pin=P5-1
Removed Pin From Net: NetName=C2_GND Pin=P5-1
Removed Pin From Net: NetName=C2_GND Pin=P5-2
Removed Pin From Net: NetName=C2_GND Pin=P5-2
Removed Pin From Net: NetName=C2_GND Pin=P5-2
Removed Pin From Net: NetName=C2_GND Pin=P5-2
Removed Pin From Net: NetName=C2_GND Pin=P5-2
Removed Pin From Net: NetName=C2_GND Pin=P5-2
Removed Pin From Net: NetName=C2_RELAYG Pin=P5-3
Removed Pin From Net: NetName=C2_RELAYG Pin=P5-4
Removed Pin From Net: NetName=C2_RELAYG Pin=P5-5
Removed Pin From Net: NetName=C2_RELAYG Pin=P5-6
Removed Pin From Net: NetName=C2_SCLK Pin=P5-7
Removed Pin From Net: NetName=C2_SCLK Pin=P5-8
Removed Pin From Net: NetName=C2_MOSI Pin=P5-11
Removed Pin From Net: NetName=C2_MOSI Pin=P5-12
Removed Pin From Net: NetName=C2_CS1 Pin=P5-15
Removed Pin From Net: NetName=C2_CS1 Pin=P5-16
Removed Pin From Net: NetName=C2_CS2 Pin=P5-17
Removed Pin From Net: NetName=C2_CS2 Pin=P5-18
Removed Pin From Net: NetName=C2_CLIMIT Pin=P5-21
Removed Pin From Net: NetName=C2_CLIMIT Pin=P5-22
Removed Pin From Net: NetName=C2_SDA Pin=P5-23
Removed Pin From Net: NetName=C2_SDA Pin=P5-24
Removed Pin From Net: NetName=C2_SCL Pin=P5-25
Removed Pin From Net: NetName=C2_SCL Pin=P5-26
Removed Pin From Net: NetName=C2_VCC Pin=P5-27
Removed Pin From Net: NetName=C2_VCC Pin=P5-27
Removed Pin From Net: NetName=C2_VCC Pin=P5-27
Removed Pin From Net: NetName=C2_VCC Pin=P5-27
Removed Pin From Net: NetName=C2_VCC Pin=P5-27
Removed Pin From Net: NetName=C2_VCC Pin=P5-27
Removed Pin From Net: NetName=C2_VCC Pin=P5-28
Removed Pin From Net: NetName=C2_VCC Pin=P5-28
Removed Pin From Net: NetName=C2_VCC Pin=P5-28
Removed Pin From Net: NetName=C2_VCC Pin=P5-28
Removed Pin From Net: NetName=C2_VCC Pin=P5-28
Removed Pin From Net: NetName=C2_VCC Pin=P5-28
Removed Member From Class: ClassName=Connector Member=P5
Added Pin To Net: NetName=C2_VCC Pin=P3-1
Added Pin To Net: NetName=C2_VCC Pin=P3-1
Added Pin To Net: NetName=C2_VCC Pin=P3-1
Added Pin To Net: NetName=C2_VCC Pin=P3-1
Added Pin To Net: NetName=C2_VCC Pin=P3-1
Added Pin To Net: NetName=C2_VCC Pin=P3-1
Added Pin To Net: NetName=C2_GND Pin=P3-2
Added Pin To Net: NetName=C2_GND Pin=P3-2
Added Pin To Net: NetName=C2_GND Pin=P3-2
Added Pin To Net: NetName=C2_GND Pin=P3-2
Added Pin To Net: NetName=C2_GND Pin=P3-2
Added Pin To Net: NetName=C2_GND Pin=P3-2
Added Pin To Net: NetName=C2_GND Pin=P3-27
Added Pin To Net: NetName=C2_GND Pin=P3-27
Added Pin To Net: NetName=C2_GND Pin=P3-27
Added Pin To Net: NetName=C2_GND Pin=P3-27
Added Pin To Net: NetName=C2_GND Pin=P3-27
Added Pin To Net: NetName=C2_GND Pin=P3-27
