Added Component: Designator=C1(RAD-0.2)
Added Component: Designator=C2(RAD-0.2)
Added Component: Designator=C3(RAD-0.2)
Added Component: Designator=C4(RAD-0.1)
Added Component: Designator=C5(RAD-0.2)
Added Component: Designator=C6(RAD-0.1)
Added Component: Designator=C7(RAD-0.1)
Added Component: Designator=C8(RAD-0.1)
Added Component: Designator=C9(RAD-0.1)
Added Component: Designator=C10(RAD-0.1)
Added Component: Designator=C11(RAD-0.2)
Added Component: Designator=C12(RAD-0.1)
Added Component: Designator=C13(RAD-0.1)
Added Component: Designator=C14(RAD-0.1)
Added Component: Designator=C15(RAD-0.1)
Added Component: Designator=C16(RAD-0.2)
Added Component: Designator=C17(RAD-0.2)
Added Component: Designator=C18(RAD-0.1)
Added Component: Designator=C19(RAD-0.2)
Added Component: Designator=C20(RAD-0.1)
Added Component: Designator=C21(RAD-0.2)
Added Component: Designator=C22(RAD-0.2)
Added Component: Designator=C23(RAD-0.1)
Added Component: Designator=C24(RAD-0.1)
Added Component: Designator=C25(RAD-0.1)
Added Component: Designator=C26(RAD-0.2)
Added Component: Designator=C27(RAD-0.1)
Added Component: Designator=C28(RAD-0.1)
Added Component: Designator=C29(RAD-0.1)
Added Component: Designator=C30(RAD-0.1)
Added Component: Designator=C31(RAD-0.1)
Added Component: Designator=C32(RAD-0.1)
Added Component: Designator=C33(RAD-0.1)
Added Component: Designator=C34(RAD-0.1)
Added Component: Designator=C35(RAD-0.1)
Added Component: Designator=C36(RAD-0.1)
Added Component: Designator=C37(RAD-0.1)
Added Component: Designator=C38(RAD-0.1)
Added Component: Designator=C39(RAD-0.1)
Added Component: Designator=C40(RAD-0.1)
Added Component: Designator=C41(RAD-0.1)
Added Component: Designator=D1(DO-35)
Added Component: Designator=D2(DO-35)
Added Component: Designator=D3(DO-35)
Added Component: Designator=D6(DO-35)
Added Component: Designator=D7(DO-35)
Added Component: Designator=IC1(LM134)
Added Component: Designator=IC2(8-SO)
Added Component: Designator=IC3(8-SO)
Added Component: Designator=IC4(8-SO)
Added Component: Designator=IC5(8-SO)
Added Component: Designator=IC6(8-SO)
Added Component: Designator=IC7(20-SSOP)
Added Component: Designator=IC8(20-SO)
Added Component: Designator=OA1(8-DIP)
Added Component: Designator=OA2(8-DIP)
Added Component: Designator=OA3(8-DIP)
Added Component: Designator=P1(Power Connector)
Added Component: Designator=P2(HDR2X10)
Added Component: Designator=P3(Signal/Power Connector)
Added Component: Designator=PC1(Terminal Block 3)
Added Component: Designator=Q1(TO-226-AA)
Added Component: Designator=Q2(TO-226-AA)
Added Component: Designator=R2(AXIAL-0.3)
Added Component: Designator=R3(AXIAL-0.3)
Added Component: Designator=R4(AXIAL-0.3)
Added Component: Designator=R5(AXIAL-0.3)
Added Component: Designator=R6(AXIAL-0.3)
Added Component: Designator=R7(AXIAL-0.3)
Added Component: Designator=R8(AXIAL-0.3)
Added Component: Designator=R9(AXIAL-0.3)
Added Component: Designator=R10(AXIAL-0.3)
Added Component: Designator=R11(AXIAL-0.3)
Added Component: Designator=R12(AXIAL-0.3)
Added Component: Designator=R13(AXIAL-0.3)
Added Component: Designator=R14(AXIAL-0.3)
Added Component: Designator=R15(AXIAL-0.3)
Added Component: Designator=R16(AXIAL-0.3)
Added Component: Designator=R17(AXIAL-0.3)
Added Component: Designator=R18(AXIAL-0.3)
Added Component: Designator=R19(AXIAL-0.3)
Added Component: Designator=R20(AXIAL-0.3)
Added Component: Designator=R21(AXIAL-0.3)
Added Component: Designator=R22(AXIAL-0.3)
Added Component: Designator=R23(AXIAL-0.3)
Added Component: Designator=R24(AXIAL-0.3)
Added Component: Designator=R25(AXIAL-0.3)
Added Component: Designator=R26(AXIAL-0.3)
Added Component: Designator=R27(AXIAL-0.3)
Added Component: Designator=R28(AXIAL-0.3)
Added Component: Designator=R29(AXIAL-0.3)
Added Component: Designator=R36(AXIAL-0.3)
Added Component: Designator=U2(2-SO)
Added Component: Designator=USB1(USB)
Added Component: Designator=USB2(USB)
Added Component: Designator=VR1(LT3083)
Added Component: Designator=VR2(TO220)
Added Component: Designator=VR3(8-DIP)
Added Component: Designator=VR4(TO220)
Added Component: Designator=VR5(TO220)
Added Component: Designator=VR6(TO220)
Added Component: Designator=VR7(TO220)
Added Component: Designator=Y1(R38)
Added Component: Designator=Y2(R38)
Added Pin To Net: NetName=2V5 Pin=C20-2
Added Pin To Net: NetName=2V5 Pin=IC4-3
Added Pin To Net: NetName=2V5 Pin=IC5-3
Added Pin To Net: NetName=2V5 Pin=VR3-6
Added Net: Name=2V5
Added Pin To Net: NetName=5V Pin=C9-2
Added Pin To Net: NetName=5V Pin=C11-2
Added Pin To Net: NetName=5V Pin=C13-2
Added Pin To Net: NetName=5V Pin=C14-1
Added Pin To Net: NetName=5V Pin=C15-2
Added Pin To Net: NetName=5V Pin=C17-2
Added Pin To Net: NetName=5V Pin=IC2-5
Added Pin To Net: NetName=5V Pin=IC3-3
Added Pin To Net: NetName=5V Pin=IC4-8
Added Pin To Net: NetName=5V Pin=IC5-8
Added Pin To Net: NetName=5V Pin=R27-1
Added Pin To Net: NetName=5V Pin=VR2-3
Added Net: Name=5V
Added Pin To Net: NetName=12V Pin=C18-2
Added Pin To Net: NetName=12V Pin=C19-2
Added Pin To Net: NetName=12V Pin=C21-2
Added Pin To Net: NetName=12V Pin=D3-2
Added Pin To Net: NetName=12V Pin=VR3-2
Added Pin To Net: NetName=12V Pin=VR4-3
Added Net: Name=12V
Added Pin To Net: NetName=AVR_RESET Pin=IC8-11
Added Pin To Net: NetName=AVR_RESET Pin=IC8-13
Added Pin To Net: NetName=AVR_RESET Pin=R36-1
Added Net: Name=AVR_RESET
Added Pin To Net: NetName=C2_5V Pin=C23-1
Added Pin To Net: NetName=C2_5V Pin=C27-2
Added Pin To Net: NetName=C2_5V Pin=C39-2
Added Pin To Net: NetName=C2_5V Pin=IC6-8
Added Pin To Net: NetName=C2_5V Pin=IC7-20
Added Pin To Net: NetName=C2_5V Pin=IC7-20
Added Pin To Net: NetName=C2_5V Pin=VR5-3
Added Net: Name=C2_5V
Added Pin To Net: NetName=C2_CLIMIT Pin=IC7-12
Added Net: Name=C2_CLIMIT
Added Pin To Net: NetName=C2_CS1 Pin=IC7-14
Added Net: Name=C2_CS1
Added Pin To Net: NetName=C2_CS2 Pin=IC7-13
Added Net: Name=C2_CS2
Added Pin To Net: NetName=C2_GND Pin=C23-2
Added Pin To Net: NetName=C2_GND Pin=C27-1
Added Pin To Net: NetName=C2_GND Pin=C34-1
Added Pin To Net: NetName=C2_GND Pin=C39-1
Added Pin To Net: NetName=C2_GND Pin=IC6-5
Added Pin To Net: NetName=C2_GND Pin=IC7-11
Added Pin To Net: NetName=C2_GND Pin=IC7-19
Added Pin To Net: NetName=C2_GND Pin=U2-3
Added Pin To Net: NetName=C2_GND Pin=VR5-2
Added Net: Name=C2_GND
Added Pin To Net: NetName=C2_MCLIMIT Pin=IC7-9
Added Net: Name=C2_MCLIMIT
Added Pin To Net: NetName=C2_MISO Pin=IC7-16
Added Net: Name=C2_MISO
Added Pin To Net: NetName=C2_MOSI Pin=IC7-17
Added Net: Name=C2_MOSI
Added Pin To Net: NetName=C2_RELAYG Pin=U2-4
Added Net: Name=C2_RELAYG
Added Pin To Net: NetName=C2_SCLK Pin=IC7-18
Added Net: Name=C2_SCLK
Added Pin To Net: NetName=C2_SCL Pin=IC6-6
Added Net: Name=C2_SCL
Added Pin To Net: NetName=C2_SDA Pin=IC6-7
Added Net: Name=C2_SDA
Added Net: Name=C2_SWITCH
Added Pin To Net: NetName=C2_VCC Pin=C34-2
Added Pin To Net: NetName=C2_VCC Pin=VR5-1
Added Pin To Net: NetName=C2_VCC Pin=VR5-1
Added Net: Name=C2_VCC
Added Pin To Net: NetName=CLIMIT Pin=Q2-1
Added Pin To Net: NetName=CLIMIT Pin=R27-2
Added Net: Name=CLIMIT
Added Pin To Net: NetName=CS1 Pin=IC5-4
Added Net: Name=CS1
Added Pin To Net: NetName=CS2 Pin=IC4-4
Added Net: Name=CS2
Added Pin To Net: NetName=GND Pin=C1-1
Added Pin To Net: NetName=GND Pin=C2-1
Added Pin To Net: NetName=GND Pin=C3-2
Added Pin To Net: NetName=GND Pin=C4-2
Added Pin To Net: NetName=GND Pin=C5-1
Added Pin To Net: NetName=GND Pin=C6-2
Added Pin To Net: NetName=GND Pin=C8-2
Added Pin To Net: NetName=GND Pin=C9-1
Added Pin To Net: NetName=GND Pin=C10-1
Added Pin To Net: NetName=GND Pin=C11-1
Added Pin To Net: NetName=GND Pin=C12-2
Added Pin To Net: NetName=GND Pin=C13-1
Added Pin To Net: NetName=GND Pin=C14-2
Added Pin To Net: NetName=GND Pin=C15-1
Added Pin To Net: NetName=GND Pin=C16-1
Added Pin To Net: NetName=GND Pin=C17-1
Added Pin To Net: NetName=GND Pin=C18-1
Added Pin To Net: NetName=GND Pin=C19-1
Added Pin To Net: NetName=GND Pin=C20-1
Added Pin To Net: NetName=GND Pin=C21-1
Added Pin To Net: NetName=GND Pin=C22-1
Added Pin To Net: NetName=GND Pin=C24-1
Added Pin To Net: NetName=GND Pin=C25-1
Added Pin To Net: NetName=GND Pin=C26-1
Added Pin To Net: NetName=GND Pin=C28-1
Added Pin To Net: NetName=GND Pin=C29-2
Added Pin To Net: NetName=GND Pin=C30-2
Added Pin To Net: NetName=GND Pin=C31-1
Added Pin To Net: NetName=GND Pin=C32-2
Added Pin To Net: NetName=GND Pin=C33-1
Added Pin To Net: NetName=GND Pin=C35-1
Added Pin To Net: NetName=GND Pin=C36-1
Added Pin To Net: NetName=GND Pin=C37-1
Added Pin To Net: NetName=GND Pin=C38-1
Added Pin To Net: NetName=GND Pin=C40-1
Added Pin To Net: NetName=GND Pin=C41-1
Added Pin To Net: NetName=GND Pin=D2-1
Added Pin To Net: NetName=GND Pin=D6-1
Added Pin To Net: NetName=GND Pin=D7-1
Added Pin To Net: NetName=GND Pin=IC1-3
Added Pin To Net: NetName=GND Pin=IC2-1
Added Pin To Net: NetName=GND Pin=IC2-2
Added Pin To Net: NetName=GND Pin=IC2-6
Added Pin To Net: NetName=GND Pin=IC3-2
Added Pin To Net: NetName=GND Pin=IC3-6
Added Pin To Net: NetName=GND Pin=IC3-8
Added Pin To Net: NetName=GND Pin=IC4-2
Added Pin To Net: NetName=GND Pin=IC4-7
Added Pin To Net: NetName=GND Pin=IC5-2
Added Pin To Net: NetName=GND Pin=IC5-7
Added Pin To Net: NetName=GND Pin=IC6-4
Added Pin To Net: NetName=GND Pin=IC7-2
Added Pin To Net: NetName=GND Pin=IC7-10
Added Pin To Net: NetName=GND Pin=IC8-20
Added Pin To Net: NetName=GND Pin=OA1-4
Added Pin To Net: NetName=GND Pin=OA2-4
Added Pin To Net: NetName=GND Pin=OA3-4
Added Pin To Net: NetName=GND Pin=P1-2
Added Pin To Net: NetName=GND Pin=P1-2
Added Pin To Net: NetName=GND Pin=P1-2
Added Pin To Net: NetName=GND Pin=P1-2
Added Pin To Net: NetName=GND Pin=P1-2
Added Pin To Net: NetName=GND Pin=P1-2
Added Pin To Net: NetName=GND Pin=P1-2
Added Pin To Net: NetName=GND Pin=P1-2
Added Pin To Net: NetName=GND Pin=P2-19
Added Pin To Net: NetName=GND Pin=P2-20
Added Pin To Net: NetName=GND Pin=PC1-3
Added Pin To Net: NetName=GND Pin=Q1-3
Added Pin To Net: NetName=GND Pin=Q2-3
Added Pin To Net: NetName=GND Pin=R11-2
Added Pin To Net: NetName=GND Pin=R15-2
Added Pin To Net: NetName=GND Pin=R18-1
Added Pin To Net: NetName=GND Pin=R19-1
Added Pin To Net: NetName=GND Pin=R24-1
Added Pin To Net: NetName=GND Pin=R28-2
Added Pin To Net: NetName=GND Pin=USB1-4
Added Pin To Net: NetName=GND Pin=USB2-4
Added Pin To Net: NetName=GND Pin=VR2-2
Added Pin To Net: NetName=GND Pin=VR3-4
Added Pin To Net: NetName=GND Pin=VR4-2
Added Pin To Net: NetName=GND Pin=VR6-2
Added Pin To Net: NetName=GND Pin=VR7-2
Added Net: Name=GND
Added Pin To Net: NetName=GPIO1 Pin=P2-3
Added Net: Name=GPIO1
Added Pin To Net: NetName=GPIO2 Pin=P2-5
Added Net: Name=GPIO2
Added Pin To Net: NetName=GPIO3 Pin=P2-7
Added Net: Name=GPIO3
Added Pin To Net: NetName=GPIO4 Pin=P2-9
Added Net: Name=GPIO4
Added Pin To Net: NetName=GPIO5 Pin=P2-11
Added Net: Name=GPIO5
Added Pin To Net: NetName=GPIO6 Pin=P2-13
Added Net: Name=GPIO6
Added Pin To Net: NetName=GPIO7 Pin=P2-15
Added Net: Name=GPIO7
Added Pin To Net: NetName=GPIO8 Pin=P2-17
Added Net: Name=GPIO8
Added Pin To Net: NetName=GPIO9 Pin=P2-4
Added Net: Name=GPIO9
Added Pin To Net: NetName=GPIO10 Pin=P2-6
Added Net: Name=GPIO10
Added Pin To Net: NetName=GPIO11 Pin=P2-8
Added Net: Name=GPIO11
Added Pin To Net: NetName=GPIO12 Pin=P2-10
Added Net: Name=GPIO12
Added Pin To Net: NetName=GPIO13 Pin=P2-12
Added Net: Name=GPIO13
Added Pin To Net: NetName=GPIO14 Pin=P2-14
Added Net: Name=GPIO14
Added Pin To Net: NetName=GPIO15 Pin=P2-16
Added Net: Name=GPIO15
Added Pin To Net: NetName=ISENSE Pin=IC3-1
Added Pin To Net: NetName=ISENSE Pin=OA1-7
Added Pin To Net: NetName=ISENSE Pin=OA2-3
Added Pin To Net: NetName=ISENSE Pin=R12-2
Added Net: Name=ISENSE
Added Pin To Net: NetName=ISET Pin=OA2-2
Added Pin To Net: NetName=ISET Pin=OA3-7
Added Pin To Net: NetName=ISET Pin=R29-1
Added Net: Name=ISET
Added Pin To Net: NetName=L_5V Pin=C24-2
Added Pin To Net: NetName=L_5V Pin=C25-2
Added Pin To Net: NetName=L_5V Pin=C26-2
Added Pin To Net: NetName=L_5V Pin=C28-2
Added Pin To Net: NetName=L_5V Pin=C29-1
Added Pin To Net: NetName=L_5V Pin=C40-2
Added Pin To Net: NetName=L_5V Pin=C41-2
Added Pin To Net: NetName=L_5V Pin=IC6-1
Added Pin To Net: NetName=L_5V Pin=IC7-1
Added Pin To Net: NetName=L_5V Pin=IC8-1
Added Pin To Net: NetName=L_5V Pin=P2-1
Added Pin To Net: NetName=L_5V Pin=P2-18
Added Pin To Net: NetName=L_5V Pin=R36-2
Added Pin To Net: NetName=L_5V Pin=USB1-1
Added Pin To Net: NetName=L_5V Pin=USB2-1
Added Pin To Net: NetName=L_5V Pin=VR7-3
Added Net: Name=L_5V
Added Pin To Net: NetName=L_12V Pin=C38-2
Added Pin To Net: NetName=L_12V Pin=P2-2
Added Pin To Net: NetName=L_12V Pin=VR6-3
Added Net: Name=L_12V
Added Pin To Net: NetName=MCS1 Pin=IC7-7
Added Net: Name=MCS1
Added Pin To Net: NetName=MCS2 Pin=IC7-8
Added Net: Name=MCS2
Added Pin To Net: NetName=MISO Pin=IC7-5
Added Net: Name=MISO
Added Pin To Net: NetName=MOSI Pin=IC4-6
Added Pin To Net: NetName=MOSI Pin=IC5-6
Added Pin To Net: NetName=MOSI Pin=IC7-4
Added Net: Name=MOSI
Added Pin To Net: NetName=MRXD Pin=IC8-10
Added Net: Name=MRXD
Added Pin To Net: NetName=MTXD Pin=IC8-12
Added Net: Name=MTXD
Added Pin To Net: NetName=NetC3_1 Pin=C3-1
Added Pin To Net: NetName=NetC3_1 Pin=R13-1
Added Pin To Net: NetName=NetC3_1 Pin=R17-1
Added Pin To Net: NetName=NetC3_1 Pin=VR1-2
Added Pin To Net: NetName=NetC3_1 Pin=VR1-2
Added Net: Name=NetC3_1
Added Pin To Net: NetName=NetC7_1 Pin=C7-1
Added Pin To Net: NetName=NetC7_1 Pin=IC2-7
Added Pin To Net: NetName=NetC7_1 Pin=R25-1
Added Net: Name=NetC7_1
Added Pin To Net: NetName=NetC7_2 Pin=C7-2
Added Pin To Net: NetName=NetC7_2 Pin=IC2-8
Added Pin To Net: NetName=NetC7_2 Pin=R20-2
Added Net: Name=NetC7_2
Added Pin To Net: NetName=NetC8_1 Pin=C8-1
Added Pin To Net: NetName=NetC8_1 Pin=OA3-3
Added Pin To Net: NetName=NetC8_1 Pin=R14-1
Added Pin To Net: NetName=NetC8_1 Pin=R18-2
Added Pin To Net: NetName=NetC8_1 Pin=R19-2
Added Net: Name=NetC8_1
Added Pin To Net: NetName=NetC30_1 Pin=C30-1
Added Pin To Net: NetName=NetC30_1 Pin=Y1-1
Added Net: Name=NetC30_1
Added Pin To Net: NetName=NetC31_2 Pin=C31-2
Added Pin To Net: NetName=NetC31_2 Pin=IC8-2
Added Pin To Net: NetName=NetC31_2 Pin=Y2-1
Added Net: Name=NetC31_2
Added Pin To Net: NetName=NetC32_1 Pin=C32-1
Added Pin To Net: NetName=NetC32_1 Pin=Y1-2
Added Net: Name=NetC32_1
Added Pin To Net: NetName=NetC33_2 Pin=C33-2
Added Pin To Net: NetName=NetC33_2 Pin=IC8-3
Added Pin To Net: NetName=NetC33_2 Pin=Y2-2
Added Net: Name=NetC33_2
Added Pin To Net: NetName=NetC37_2 Pin=C37-2
Added Pin To Net: NetName=NetC37_2 Pin=IC8-17
Added Net: Name=NetC37_2
Added Pin To Net: NetName=NetD3_1 Pin=D3-1
Added Net: Name=NetD3_1
Added Net: Name=NetD4_1
Added Net: Name=NetD5_1
Added Pin To Net: NetName=NetD6_2 Pin=D6-2
Added Pin To Net: NetName=NetD6_2 Pin=USB2-3
Added Net: Name=NetD6_2
Added Pin To Net: NetName=NetD7_2 Pin=D7-2
Added Pin To Net: NetName=NetD7_2 Pin=USB2-2
Added Net: Name=NetD7_2
Added Pin To Net: NetName=NetIC1_2 Pin=IC1-2
Added Pin To Net: NetName=NetIC1_2 Pin=R11-1
Added Net: Name=NetIC1_2
Added Pin To Net: NetName=NetIC5_1 Pin=IC5-1
Added Pin To Net: NetName=NetIC5_1 Pin=OA3-5
Added Pin To Net: NetName=NetIC5_1 Pin=OA3-5
Added Net: Name=NetIC5_1
Added Pin To Net: NetName=NetIC8_9 Pin=IC8-9
Added Net: Name=NetIC8_9
Added Pin To Net: NetName=NetIC8_18 Pin=IC8-18
Added Pin To Net: NetName=NetIC8_18 Pin=USB1-2
Added Net: Name=NetIC8_18
Added Pin To Net: NetName=NetIC8_19 Pin=IC8-19
Added Pin To Net: NetName=NetIC8_19 Pin=USB1-3
Added Net: Name=NetIC8_19
Added Pin To Net: NetName=NetOA1_1 Pin=OA1-1
Added Pin To Net: NetName=NetOA1_1 Pin=OA1-1
Added Pin To Net: NetName=NetOA1_1 Pin=OA1-2
Added Pin To Net: NetName=NetOA1_1 Pin=R16-1
Added Net: Name=NetOA1_1
Added Pin To Net: NetName=NetOA1_5 Pin=OA1-5
Added Pin To Net: NetName=NetOA1_5 Pin=OA1-5
Added Pin To Net: NetName=NetOA1_5 Pin=R22-2
Added Pin To Net: NetName=NetOA1_5 Pin=R24-2
Added Net: Name=NetOA1_5
Added Pin To Net: NetName=NetOA1_6 Pin=OA1-6
Added Pin To Net: NetName=NetOA1_6 Pin=R12-1
Added Pin To Net: NetName=NetOA1_6 Pin=R16-2
Added Net: Name=NetOA1_6
Added Pin To Net: NetName=NetOA2_1 Pin=OA2-1
Added Pin To Net: NetName=NetOA2_1 Pin=OA2-1
Added Pin To Net: NetName=NetOA2_1 Pin=R23-2
Added Pin To Net: NetName=NetOA2_1 Pin=R26-1
Added Net: Name=NetOA2_1
Added Pin To Net: NetName=NetOA2_6 Pin=OA2-6
Added Pin To Net: NetName=NetOA2_6 Pin=R13-2
Added Pin To Net: NetName=NetOA2_6 Pin=R15-1
Added Net: Name=NetOA2_6
Added Pin To Net: NetName=NetOA2_7 Pin=OA2-7
Added Pin To Net: NetName=NetOA2_7 Pin=R21-2
Added Net: Name=NetOA2_7
Added Pin To Net: NetName=NetOA3_6 Pin=OA3-6
Added Pin To Net: NetName=NetOA3_6 Pin=R28-1
Added Pin To Net: NetName=NetOA3_6 Pin=R29-2
Added Net: Name=NetOA3_6
Added Pin To Net: NetName=NetPC1_2 Pin=PC1-2
Added Pin To Net: NetName=NetPC1_2 Pin=R14-2
Added Net: Name=NetPC1_2
Added Pin To Net: NetName=NetQ1_1 Pin=Q1-1
Added Pin To Net: NetName=NetQ1_1 Pin=R17-2
Added Pin To Net: NetName=NetQ1_1 Pin=R21-1
Added Net: Name=NetQ1_1
Added Pin To Net: NetName=NetQ1_2 Pin=Q1-2
Added Pin To Net: NetName=NetQ1_2 Pin=R23-1
Added Net: Name=NetQ1_2
Added Pin To Net: NetName=NetQ2_2 Pin=Q2-2
Added Pin To Net: NetName=NetQ2_2 Pin=R26-2
Added Net: Name=NetQ2_2
Added Net: Name=NetQ3_2
Added Pin To Net: NetName=NetQ4_1 Pin=U2-2
Added Net: Name=NetQ4_1
Added Net: Name=NetQ4_2
Added Net: Name=NetQ5_2
Added Pin To Net: NetName=NetR35_1 Pin=U2-1
Added Net: Name=NetR35_1
Added Net: Name=NetR43_1
Added Net: Name=NetR45_1
Added Pin To Net: NetName=RXLED Pin=IC8-6
Added Net: Name=RXLED
Added Pin To Net: NetName=SCLK Pin=IC4-5
Added Pin To Net: NetName=SCLK Pin=IC5-5
Added Pin To Net: NetName=SCLK Pin=IC7-3
Added Net: Name=SCLK
Added Pin To Net: NetName=SCL Pin=IC2-4
Added Pin To Net: NetName=SCL Pin=IC3-5
Added Pin To Net: NetName=SCL Pin=IC6-3
Added Net: Name=SCL
Added Pin To Net: NetName=SDA Pin=IC2-3
Added Pin To Net: NetName=SDA Pin=IC3-4
Added Pin To Net: NetName=SDA Pin=IC6-2
Added Net: Name=SDA
Added Pin To Net: NetName=SUPPLY Pin=C5-2
Added Pin To Net: NetName=SUPPLY Pin=R2-1
Added Pin To Net: NetName=SUPPLY Pin=R3-1
Added Pin To Net: NetName=SUPPLY Pin=R4-1
Added Pin To Net: NetName=SUPPLY Pin=R5-1
Added Pin To Net: NetName=SUPPLY Pin=R6-1
Added Pin To Net: NetName=SUPPLY Pin=R7-1
Added Pin To Net: NetName=SUPPLY Pin=R8-1
Added Pin To Net: NetName=SUPPLY Pin=R9-1
Added Pin To Net: NetName=SUPPLY Pin=R10-1
Added Pin To Net: NetName=SUPPLY Pin=R20-1
Added Pin To Net: NetName=SUPPLY Pin=R22-1
Added Net: Name=SUPPLY
Added Net: Name=SWITCH
Added Pin To Net: NetName=TXLED Pin=IC8-7
Added Net: Name=TXLED
Added Pin To Net: NetName=USB_RST Pin=IC8-4
Added Net: Name=USB_RST
Added Pin To Net: NetName=VCC Pin=C4-1
Added Pin To Net: NetName=VCC Pin=C6-1
Added Pin To Net: NetName=VCC Pin=C10-2
Added Pin To Net: NetName=VCC Pin=C16-2
Added Pin To Net: NetName=VCC Pin=C22-2
Added Pin To Net: NetName=VCC Pin=C35-2
Added Pin To Net: NetName=VCC Pin=C36-2
Added Pin To Net: NetName=VCC Pin=OA1-8
Added Pin To Net: NetName=VCC Pin=OA2-8
Added Pin To Net: NetName=VCC Pin=OA3-8
Added Pin To Net: NetName=VCC Pin=P1-1
Added Pin To Net: NetName=VCC Pin=P1-1
Added Pin To Net: NetName=VCC Pin=P1-1
Added Pin To Net: NetName=VCC Pin=P1-1
Added Pin To Net: NetName=VCC Pin=P1-1
Added Pin To Net: NetName=VCC Pin=P1-1
Added Pin To Net: NetName=VCC Pin=P1-1
Added Pin To Net: NetName=VCC Pin=P1-1
Added Pin To Net: NetName=VCC Pin=VR1-4
Added Pin To Net: NetName=VCC Pin=VR2-1
Added Pin To Net: NetName=VCC Pin=VR2-1
Added Pin To Net: NetName=VCC Pin=VR4-1
Added Pin To Net: NetName=VCC Pin=VR4-1
Added Pin To Net: NetName=VCC Pin=VR6-1
Added Pin To Net: NetName=VCC Pin=VR6-1
Added Pin To Net: NetName=VCC Pin=VR7-1
Added Pin To Net: NetName=VCC Pin=VR7-1
Added Net: Name=VCC
Added Pin To Net: NetName=VIN Pin=C2-2
Added Pin To Net: NetName=VIN Pin=D1-2
Added Pin To Net: NetName=VIN Pin=OA1-3
Added Pin To Net: NetName=VIN Pin=R2-2
Added Pin To Net: NetName=VIN Pin=R3-2
Added Pin To Net: NetName=VIN Pin=R4-2
Added Pin To Net: NetName=VIN Pin=R5-2
Added Pin To Net: NetName=VIN Pin=R6-2
Added Pin To Net: NetName=VIN Pin=R7-2
Added Pin To Net: NetName=VIN Pin=R8-2
Added Pin To Net: NetName=VIN Pin=R9-2
Added Pin To Net: NetName=VIN Pin=R10-2
Added Pin To Net: NetName=VIN Pin=R25-2
Added Pin To Net: NetName=VIN Pin=VR1-5
Added Net: Name=VIN
Added Pin To Net: NetName=VOUT Pin=C1-2
Added Pin To Net: NetName=VOUT Pin=D1-1
Added Pin To Net: NetName=VOUT Pin=D2-2
Added Pin To Net: NetName=VOUT Pin=IC1-1
Added Pin To Net: NetName=VOUT Pin=IC1-1
Added Pin To Net: NetName=VOUT Pin=PC1-1
Added Pin To Net: NetName=VOUT Pin=VR1-3
Added Net: Name=VOUT
Added Pin To Net: NetName=VSENSE Pin=C12-1
Added Pin To Net: NetName=VSENSE Pin=IC3-7
Added Pin To Net: NetName=VSENSE Pin=OA3-1
Added Pin To Net: NetName=VSENSE Pin=OA3-1
Added Pin To Net: NetName=VSENSE Pin=OA3-2
Added Net: Name=VSENSE
Added Pin To Net: NetName=VSET Pin=IC4-1
Added Pin To Net: NetName=VSET Pin=OA2-5
Added Pin To Net: NetName=VSET Pin=OA2-5
Added Net: Name=VSET
Added Class: Name=Channel One
Added Class: Name=Connector
Added Class: Name=Logic
Added Room: Name=Channel One
Added Room: Name=Connector
Added Room: Name=Logic
