Change Component Designator: Old Designator=C1 New Designator=C5
Change Component Designator: Old Designator=C2 New Designator=C7
Change Component Designator: Old Designator=C3 New Designator=C9
Change Component Designator: Old Designator=C4 New Designator=C11
Change Component Designator: Old Designator=C5 New Designator=C4
Change Component Designator: Old Designator=C7 New Designator=C2
Change Component Designator: Old Designator=C8 New Designator=C6
Change Component Designator: Old Designator=C10 New Designator=C3
Change Component Designator: Old Designator=C11 New Designator=C1
Change Component Designator: Old Designator=C12 New Designator=C8
Change Component Designator: Old Designator=C13 New Designator=C10
Change Component Designator: Old Designator=C15 New Designator=C13
Change Component Designator: Old Designator=C17 New Designator=C12
Change Component Designator: Old Designator=C18 New Designator=C15
Change Component Designator: Old Designator=C20 New Designator=C19
Change Component Designator: Old Designator=C21 New Designator=C18
Change Component Designator: Old Designator=C23 New Designator=C20
Change Component Designator: Old Designator=C24 New Designator=C14
Change Component Designator: Old Designator=C25 New Designator=C22
Change Component Designator: Old Designator=C27 New Designator=C21
Change Component Designator: Old Designator=C28 New Designator=C16
Change Component Designator: Old Designator=C30 New Designator=C17
Change Component Designator: Old Designator=D5 New Designator=D2
Change Component Designator: Old Designator=D6 New Designator=D1
Change Component Designator: Old Designator=IC3 New Designator=IC5
Change Component Designator: Old Designator=IC5 New Designator=IC3
Change Component Designator: Old Designator=J1 New Designator=J2
Change Component Designator: Old Designator=J2 New Designator=J1
Change Component Designator: Old Designator=OA2 New Designator=OA3
Change Component Designator: Old Designator=OA3 New Designator=OA2
Change Component Designator: Old Designator=P1B New Designator=P1
Change Component Designator: Old Designator=Q5 New Designator=Q3
Change Component Designator: Old Designator=R10 New Designator=R11
Change Component Designator: Old Designator=R11 New Designator=R24
Change Component Designator: Old Designator=R12 New Designator=R16
Change Component Designator: Old Designator=R13 New Designator=R12
Change Component Designator: Old Designator=R14 New Designator=R22
Change Component Designator: Old Designator=R15 New Designator=R23
Change Component Designator: Old Designator=R16 New Designator=R26
Change Component Designator: Old Designator=R18 New Designator=R21
Change Component Designator: Old Designator=R19 New Designator=R15
Change Component Designator: Old Designator=R20 New Designator=R13
Change Component Designator: Old Designator=R21 New Designator=R20
Change Component Designator: Old Designator=R22 New Designator=R25
Change Component Designator: Old Designator=R23 New Designator=R10
Change Component Designator: Old Designator=R24 New Designator=R14
Change Component Designator: Old Designator=R25 New Designator=R18
Change Component Designator: Old Designator=R26 New Designator=R19
Change Component Designator: Old Designator=R27 New Designator=R28
Change Component Designator: Old Designator=R28 New Designator=R29
Change Component Designator: Old Designator=R29 New Designator=R27
Change Component Designator: Old Designator=R73 New Designator=R30
Change Component Designator: Old Designator=VR1 New Designator=VR2
Change Component Designator: Old Designator=VR2 New Designator=VR3
Change Component Designator: Old Designator=VR3 New Designator=VR4
Change Component Designator: Old Designator=VR5 New Designator=VR1
