Change Component Designator: Old Designator=C62 New Designator=C30
Change Component Designator: Old Designator=C63 New Designator=C32
Change Component Designator: Old Designator=C64 New Designator=C24
Change Component Designator: Old Designator=C65 New Designator=C23
Change Component Designator: Old Designator=C66 New Designator=C28
Change Component Designator: Old Designator=C67 New Designator=C27
Change Component Designator: Old Designator=C69 New Designator=C29
Change Component Designator: Old Designator=C70 New Designator=C31
Change Component Designator: Old Designator=C71 New Designator=C33
Change Component Designator: Old Designator=C72 New Designator=C37
Change Component Designator: Old Designator=C73 New Designator=C41
Change Component Designator: Old Designator=C74 New Designator=C25
Change Component Designator: Old Designator=C75 New Designator=C26
Change Component Designator: Old Designator=C99 New Designator=C39
Change Component Designator: Old Designator=C100 New Designator=C34
Change Component Designator: Old Designator=C101 New Designator=C36
Change Component Designator: Old Designator=C102 New Designator=C40
Change Component Designator: Old Designator=C103 New Designator=C35
Change Component Designator: Old Designator=C104 New Designator=C38
Change Component Designator: Old Designator=D9 New Designator=D6
Change Component Designator: Old Designator=D10 New Designator=D7
Change Component Designator: Old Designator=D11 New Designator=D4
Change Component Designator: Old Designator=D12 New Designator=D5
Change Component Designator: Old Designator=IC11 New Designator=IC8
Change Component Designator: Old Designator=IC12 New Designator=IC7
Change Component Designator: Old Designator=IC13 New Designator=IC6
Change Component Designator: Old Designator=P1 New Designator=P2
Change Component Designator: Old Designator=Q6 New Designator=Q4
Change Component Designator: Old Designator=Q7 New Designator=Q5
Change Component Designator: Old Designator=R60 New Designator=R32
Change Component Designator: Old Designator=R61 New Designator=R34
Change Component Designator: Old Designator=R62 New Designator=R31
Change Component Designator: Old Designator=R63 New Designator=R33
Change Component Designator: Old Designator=R64 New Designator=R36
Change Component Designator: Old Designator=R65 New Designator=R38
Change Component Designator: Old Designator=R66 New Designator=R39
Change Component Designator: Old Designator=R67 New Designator=R40
Change Component Designator: Old Designator=R68 New Designator=R41
Change Component Designator: Old Designator=R69 New Designator=R44
Change Component Designator: Old Designator=R70 New Designator=R42
Change Component Designator: Old Designator=R71 New Designator=R43
Change Component Designator: Old Designator=R72 New Designator=R45
Change Component Designator: Old Designator=R74 New Designator=R35
Change Component Designator: Old Designator=R75 New Designator=R37
Change Component Designator: Old Designator=U1 New Designator=U3
Change Component Designator: Old Designator=U2 New Designator=U1
Change Component Designator: Old Designator=U3 New Designator=U2
Change Component Designator: Old Designator=VR11 New Designator=VR6
Change Component Designator: Old Designator=VR12 New Designator=VR7
Change Component Designator: Old Designator=VR13 New Designator=VR5
